c:\users\fpt\downloads\socket-project\socket-project\login_form\x64\debug\vc143.pdb
c:\users\fpt\downloads\socket-project\socket-project\login_form\x64\debug\.netframework,version=v4.7.2.assemblyattributes.obj
c:\users\fpt\downloads\socket-project\socket-project\login_form\x64\debug\serverform.obj
c:\users\fpt\downloads\socket-project\socket-project\login_form\x64\debug\selectionform.obj
c:\users\fpt\downloads\socket-project\socket-project\login_form\x64\debug\registerform1.obj
c:\users\fpt\downloads\socket-project\socket-project\login_form\x64\debug\myform.obj
c:\users\fpt\downloads\socket-project\socket-project\login_form\x64\debug\clientest.obj
c:\users\fpt\downloads\socket-project\socket-project\login_form\x64\debug\client.obj
c:\users\fpt\downloads\socket-project\socket-project\login_form\x64\debug\bar.obj
c:\users\fpt\downloads\socket-project\socket-project\login_form\x64\debug\project1.exe
c:\users\fpt\downloads\socket-project\socket-project\login_form\x64\debug\project1.pdb
c:\users\fpt\downloads\socket-project\socket-project\login_form\x64\debug\project1.tlog\metagen.write.1.tlog
c:\users\fpt\downloads\socket-project\socket-project\login_form\x64\debug\project1.exe.metagen
c:\users\fpt\downloads\socket-project\socket-project\login_form\x64\debug\project1.tlog\cl.command.1.tlog
c:\users\fpt\downloads\socket-project\socket-project\login_form\x64\debug\project1.tlog\cl.items.tlog
c:\users\fpt\downloads\socket-project\socket-project\login_form\x64\debug\project1.tlog\cl.read.1.tlog
c:\users\fpt\downloads\socket-project\socket-project\login_form\x64\debug\project1.tlog\cl.write.1.tlog
c:\users\fpt\downloads\socket-project\socket-project\login_form\x64\debug\project1.tlog\link.command.1.tlog
c:\users\fpt\downloads\socket-project\socket-project\login_form\x64\debug\project1.tlog\link.read.1.tlog
c:\users\fpt\downloads\socket-project\socket-project\login_form\x64\debug\project1.tlog\link.write.1.tlog
c:\users\fpt\downloads\socket-project\socket-project\login_form\x64\debug\project1.tlog\metagen.read.1.tlog
c:\users\fpt\downloads\socket-project\socket-project\login_form\x64\debug\project1.tlog\resgen.command.1.tlog
c:\users\fpt\downloads\socket-project\socket-project\login_form\x64\debug\project1.tlog\resgen.read.1.tlog
c:\users\fpt\downloads\socket-project\socket-project\login_form\x64\debug\project1.tlog\resgen.write.1.tlog
c:\users\fpt\downloads\socket-project\socket-project\login_form\x64\debug\project1.tlog\eagetmail.dll.metagen
